# JRE version: 7.0_17-b02
# Java VM: Java HotSpot(TM) 64-Bit Server VM (23.7-b01 mixed mode windows-amd64 compressed oops)
Heap
 PSYoungGen      total 269120K, used 46411K [0x00000000eb360000, 0x00000000fea10000, 0x0000000100000000)
  eden space 230720K, 4% used [0x00000000eb360000,0x00000000ebe569b8,0x00000000f94b0000)
  from space 38400K, 91% used [0x00000000fc300000,0x00000000fe55c5d8,0x00000000fe880000)
  to   space 43712K, 0% used [0x00000000f94b0000,0x00000000f94b0000,0x00000000fbf60000)
 ParOldGen       total 96448K, used 44197K [0x00000000c1a00000, 0x00000000c7830000, 0x00000000eb360000)
  object space 96448K, 45% used [0x00000000c1a00000,0x00000000c4529688,0x00000000c7830000)
 PSPermGen       total 53248K, used 25874K [0x00000000bc800000, 0x00000000bfc00000, 0x00000000c1a00000)
  object space 53248K, 48% used [0x00000000bc800000,0x00000000be144af0,0x00000000bfc00000)
GC Heap History (10 events):
Event: 17.933 GC heap before
{Heap before GC invocations=10 (full 1):
 PSYoungGen      total 137024K, used 12851K [0x00000000eb360000, 0x00000000f9ee0000, 0x0000000100000000)
  eden space 124160K, 0% used [0x00000000eb360000,0x00000000eb360000,0x00000000f2ca0000)
  from space 12864K, 99% used [0x00000000f2ca0000,0x00000000f392cef8,0x00000000f3930000)
  to   space 21248K, 0% used [0x00000000f8a20000,0x00000000f8a20000,0x00000000f9ee0000)
 ParOldGen       total 42624K, used 32706K [0x00000000c1a00000, 0x00000000c43a0000, 0x00000000eb360000)
  object space 42624K, 76% used [0x00000000c1a00000,0x00000000c39f0900,0x00000000c43a0000)
 PSPermGen       total 23552K, used 23533K [0x00000000bc800000, 0x00000000bdf00000, 0x00000000c1a00000)
  object space 23552K, 99% used [0x00000000bc800000,0x00000000bdefb7c8,0x00000000bdf00000)
Event: 18.329 GC heap after
Heap after GC invocations=10 (full 1):
 PSYoungGen      total 137024K, used 0K [0x00000000eb360000, 0x00000000f9ee0000, 0x0000000100000000)
  eden space 124160K, 0% used [0x00000000eb360000,0x00000000eb360000,0x00000000f2ca0000)
  from space 12864K, 0% used [0x00000000f2ca0000,0x00000000f2ca0000,0x00000000f3930000)
  to   space 21248K, 0% used [0x00000000f8a20000,0x00000000f8a20000,0x00000000f9ee0000)
 ParOldGen       total 67776K, used 34751K [0x00000000c1a00000, 0x00000000c5c30000, 0x00000000eb360000)
  object space 67776K, 51% used [0x00000000c1a00000,0x00000000c3befcb8,0x00000000c5c30000)
 PSPermGen       total 47104K, used 23524K [0x00000000bc800000, 0x00000000bf600000, 0x00000000c1a00000)
  object space 47104K, 49% used [0x00000000bc800000,0x00000000bdef9188,0x00000000bf600000)
}
Event: 21.062 GC heap before
{Heap before GC invocations=11 (full 1):
 PSYoungGen      total 137024K, used 124160K [0x00000000eb360000, 0x00000000f9ee0000, 0x0000000100000000)
  eden space 124160K, 100% used [0x00000000eb360000,0x00000000f2ca0000,0x00000000f2ca0000)
  from space 12864K, 0% used [0x00000000f2ca0000,0x00000000f2ca0000,0x00000000f3930000)
  to   space 21248K, 0% used [0x00000000f8a20000,0x00000000f8a20000,0x00000000f9ee0000)
 ParOldGen       total 67776K, used 34751K [0x00000000c1a00000, 0x00000000c5c30000, 0x00000000eb360000)
  object space 67776K, 51% used [0x00000000c1a00000,0x00000000c3befcb8,0x00000000c5c30000)
 PSPermGen       total 47104K, used 23538K [0x00000000bc800000, 0x00000000bf600000, 0x00000000c1a00000)
  object space 47104K, 49% used [0x00000000bc800000,0x00000000bdefc9f8,0x00000000bf600000)
Event: 21.134 GC heap after
Heap after GC invocations=11 (full 1):
 PSYoungGen      total 189184K, used 21244K [0x00000000eb360000, 0x00000000f9ee0000, 0x0000000100000000)
  eden space 167936K, 0% used [0x00000000eb360000,0x00000000eb360000,0x00000000f5760000)
  from space 21248K, 99% used [0x00000000f8a20000,0x00000000f9edf390,0x00000000f9ee0000)
  to   space 26368K, 0% used [0x00000000f6b60000,0x00000000f6b60000,0x00000000f8520000)
 ParOldGen       total 67776K, used 39454K [0x00000000c1a00000, 0x00000000c5c30000, 0x00000000eb360000)
  object space 67776K, 58% used [0x00000000c1a00000,0x00000000c4087bd8,0x00000000c5c30000)
 PSPermGen       total 47104K, used 23538K [0x00000000bc800000, 0x00000000bf600000, 0x00000000c1a00000)
  object space 47104K, 49% used [0x00000000bc800000,0x00000000bdefc9f8,0x00000000bf600000)
}
Event: 23.747 GC heap before
{Heap before GC invocations=12 (full 1):
 PSYoungGen      total 189184K, used 189180K [0x00000000eb360000, 0x00000000f9ee0000, 0x0000000100000000)
  eden space 167936K, 100% used [0x00000000eb360000,0x00000000f5760000,0x00000000f5760000)
  from space 21248K, 99% used [0x00000000f8a20000,0x00000000f9edf390,0x00000000f9ee0000)
  to   space 26368K, 0% used [0x00000000f6b60000,0x00000000f6b60000,0x00000000f8520000)
 ParOldGen       total 67776K, used 39454K [0x00000000c1a00000, 0x00000000c5c30000, 0x00000000eb360000)
  object space 67776K, 58% used [0x00000000c1a00000,0x00000000c4087bd8,0x00000000c5c30000)
 PSPermGen       total 47104K, used 23552K [0x00000000bc800000, 0x00000000bf600000, 0x00000000c1a00000)
  object space 47104K, 50% used [0x00000000bc800000,0x00000000bdf00100,0x00000000bf600000)
Event: 24.108 GC heap after
Heap after GC invocations=12 (full 1):
 PSYoungGen      total 214784K, used 26355K [0x00000000eb360000, 0x00000000fe880000, 0x0000000100000000)
  eden space 188416K, 0% used [0x00000000eb360000,0x00000000eb360000,0x00000000f6b60000)
  from space 26368K, 99% used [0x00000000f6b60000,0x00000000f851cde8,0x00000000f8520000)
  to   space 38400K, 0% used [0x00000000fc300000,0x00000000fc300000,0x00000000fe880000)
 ParOldGen       total 67776K, used 60441K [0x00000000c1a00000, 0x00000000c5c30000, 0x00000000eb360000)
  object space 67776K, 89% used [0x00000000c1a00000,0x00000000c55065d8,0x00000000c5c30000)
 PSPermGen       total 47104K, used 23552K [0x00000000bc800000, 0x00000000bf600000, 0x00000000c1a00000)
  object space 47104K, 50% used [0x00000000bc800000,0x00000000bdf00100,0x00000000bf600000)
}
Event: 24.108 GC heap before
{Heap before GC invocations=13 (full 2):
 PSYoungGen      total 214784K, used 26355K [0x00000000eb360000, 0x00000000fe880000, 0x0000000100000000)
  eden space 188416K, 0% used [0x00000000eb360000,0x00000000eb360000,0x00000000f6b60000)
  from space 26368K, 99% used [0x00000000f6b60000,0x00000000f851cde8,0x00000000f8520000)
  to   space 38400K, 0% used [0x00000000fc300000,0x00000000fc300000,0x00000000fe880000)
 ParOldGen       total 67776K, used 60441K [0x00000000c1a00000, 0x00000000c5c30000, 0x00000000eb360000)
  object space 67776K, 89% used [0x00000000c1a00000,0x00000000c55065d8,0x00000000c5c30000)
 PSPermGen       total 47104K, used 23552K [0x00000000bc800000, 0x00000000bf600000, 0x00000000c1a00000)
  object space 47104K, 50% used [0x00000000bc800000,0x00000000bdf00100,0x00000000bf600000)
Event: 25.147 GC heap after
Heap after GC invocations=13 (full 2):
 PSYoungGen      total 214784K, used 0K [0x00000000eb360000, 0x00000000fe880000, 0x0000000100000000)
  eden space 188416K, 0% used [0x00000000eb360000,0x00000000eb360000,0x00000000f6b60000)
  from space 26368K, 0% used [0x00000000f6b60000,0x00000000f6b60000,0x00000000f8520000)
  to   space 38400K, 0% used [0x00000000fc300000,0x00000000fc300000,0x00000000fe880000)
 ParOldGen       total 96448K, used 44197K [0x00000000c1a00000, 0x00000000c7830000, 0x00000000eb360000)
  object space 96448K, 45% used [0x00000000c1a00000,0x00000000c4529688,0x00000000c7830000)
 PSPermGen       total 53248K, used 23552K [0x00000000bc800000, 0x00000000bfc00000, 0x00000000c1a00000)
  object space 53248K, 44% used [0x00000000bc800000,0x00000000bdf00060,0x00000000bfc00000)
}
Event: 26.557 GC heap before
{Heap before GC invocations=14 (full 2):
 PSYoungGen      total 214784K, used 188416K [0x00000000eb360000, 0x00000000fe880000, 0x0000000100000000)
  eden space 188416K, 100% used [0x00000000eb360000,0x00000000f6b60000,0x00000000f6b60000)
  from space 26368K, 0% used [0x00000000f6b60000,0x00000000f6b60000,0x00000000f8520000)
  to   space 38400K, 0% used [0x00000000fc300000,0x00000000fc300000,0x00000000fe880000)
 ParOldGen       total 96448K, used 44197K [0x00000000c1a00000, 0x00000000c7830000, 0x00000000eb360000)
  object space 96448K, 45% used [0x00000000c1a00000,0x00000000c4529688,0x00000000c7830000)
 PSPermGen       total 53248K, used 24866K [0x00000000bc800000, 0x00000000bfc00000, 0x00000000c1a00000)
  object space 53248K, 46% used [0x00000000bc800000,0x00000000be048ba8,0x00000000bfc00000)
Event: 26.679 GC heap after
Heap after GC invocations=14 (full 2):
 PSYoungGen      total 269120K, used 35185K [0x00000000eb360000, 0x00000000fea10000, 0x0000000100000000)
  eden space 230720K, 0% used [0x00000000eb360000,0x00000000eb360000,0x00000000f94b0000)
  from space 38400K, 91% used [0x00000000fc300000,0x00000000fe55c5d8,0x00000000fe880000)
  to   space 43712K, 0% used [0x00000000f94b0000,0x00000000f94b0000,0x00000000fbf60000)
 ParOldGen       total 96448K, used 44197K [0x00000000c1a00000, 0x00000000c7830000, 0x00000000eb360000)
  object space 96448K, 45% used [0x00000000c1a00000,0x00000000c4529688,0x00000000c7830000)
 PSPermGen       total 53248K, used 24866K [0x00000000bc800000, 0x00000000bfc00000, 0x00000000c1a00000)
  object space 53248K, 46% used [0x00000000bc800000,0x00000000be048ba8,0x00000000bfc00000)
}

