# JRE version: 7.0_17-b02
# Java VM: Java HotSpot(TM) 64-Bit Server VM (23.7-b01 mixed mode windows-amd64 compressed oops)
Heap
 PSYoungGen      total 262976K, used 145363K [0x00000000eb360000, 0x0000000100000000, 0x0000000100000000)
  eden space 220096K, 52% used [0x00000000eb360000,0x00000000f23a9b20,0x00000000f8a50000)
  from space 42880K, 70% used [0x00000000f8a50000,0x00000000fa7fb3a0,0x00000000fb430000)
  to   space 45504K, 0% used [0x00000000fd390000,0x00000000fd390000,0x0000000100000000)
 ParOldGen       total 96768K, used 43535K [0x00000000c1a00000, 0x00000000c7880000, 0x00000000eb360000)
  object space 96768K, 44% used [0x00000000c1a00000,0x00000000c4483f88,0x00000000c7880000)
 PSPermGen       total 53312K, used 44321K [0x00000000bc800000, 0x00000000bfc10000, 0x00000000c1a00000)
  object space 53312K, 83% used [0x00000000bc800000,0x00000000bf348678,0x00000000bfc10000)
GC Heap History (10 events):
Event: 25.126 GC heap before
{Heap before GC invocations=11 (full 1):
 PSYoungGen      total 137408K, used 124544K [0x00000000eb360000, 0x00000000fa060000, 0x0000000100000000)
  eden space 124544K, 100% used [0x00000000eb360000,0x00000000f2d00000,0x00000000f2d00000)
  from space 12864K, 0% used [0x00000000f2d00000,0x00000000f2d00000,0x00000000f3990000)
  to   space 21696K, 0% used [0x00000000f8b30000,0x00000000f8b30000,0x00000000fa060000)
 ParOldGen       total 74816K, used 39273K [0x00000000c1a00000, 0x00000000c6310000, 0x00000000eb360000)
  object space 74816K, 52% used [0x00000000c1a00000,0x00000000c405a778,0x00000000c6310000)
 PSPermGen       total 47104K, used 23569K [0x00000000bc800000, 0x00000000bf600000, 0x00000000c1a00000)
  object space 47104K, 50% used [0x00000000bc800000,0x00000000bdf04728,0x00000000bf600000)
Event: 25.193 GC heap after
Heap after GC invocations=11 (full 1):
 PSYoungGen      total 184704K, used 21677K [0x00000000eb360000, 0x00000000fa060000, 0x0000000100000000)
  eden space 163008K, 0% used [0x00000000eb360000,0x00000000eb360000,0x00000000f5290000)
  from space 21696K, 99% used [0x00000000f8b30000,0x00000000fa05b5a0,0x00000000fa060000)
  to   space 26432K, 0% used [0x00000000f6cc0000,0x00000000f6cc0000,0x00000000f8690000)
 ParOldGen       total 74816K, used 42748K [0x00000000c1a00000, 0x00000000c6310000, 0x00000000eb360000)
  object space 74816K, 57% used [0x00000000c1a00000,0x00000000c43bf000,0x00000000c6310000)
 PSPermGen       total 47104K, used 23569K [0x00000000bc800000, 0x00000000bf600000, 0x00000000c1a00000)
  object space 47104K, 50% used [0x00000000bc800000,0x00000000bdf04728,0x00000000bf600000)
}
Event: 28.845 GC heap before
{Heap before GC invocations=12 (full 1):
 PSYoungGen      total 184704K, used 184685K [0x00000000eb360000, 0x00000000fa060000, 0x0000000100000000)
  eden space 163008K, 100% used [0x00000000eb360000,0x00000000f5290000,0x00000000f5290000)
  from space 21696K, 99% used [0x00000000f8b30000,0x00000000fa05b5a0,0x00000000fa060000)
  to   space 26432K, 0% used [0x00000000f6cc0000,0x00000000f6cc0000,0x00000000f8690000)
 ParOldGen       total 74816K, used 42748K [0x00000000c1a00000, 0x00000000c6310000, 0x00000000eb360000)
  object space 74816K, 57% used [0x00000000c1a00000,0x00000000c43bf000,0x00000000c6310000)
 PSPermGen       total 47104K, used 23589K [0x00000000bc800000, 0x00000000bf600000, 0x00000000c1a00000)
  object space 47104K, 50% used [0x00000000bc800000,0x00000000bdf097f8,0x00000000bf600000)
Event: 29.176 GC heap after
Heap after GC invocations=12 (full 1):
 PSYoungGen      total 216256K, used 26422K [0x00000000eb360000, 0x00000000fd8b0000, 0x0000000100000000)
  eden space 189824K, 0% used [0x00000000eb360000,0x00000000eb360000,0x00000000f6cc0000)
  from space 26432K, 99% used [0x00000000f6cc0000,0x00000000f868dba8,0x00000000f8690000)
  to   space 37376K, 0% used [0x00000000fb430000,0x00000000fb430000,0x00000000fd8b0000)
 ParOldGen       total 74816K, used 60894K [0x00000000c1a00000, 0x00000000c6310000, 0x00000000eb360000)
  object space 74816K, 81% used [0x00000000c1a00000,0x00000000c5577a70,0x00000000c6310000)
 PSPermGen       total 47104K, used 23589K [0x00000000bc800000, 0x00000000bf600000, 0x00000000c1a00000)
  object space 47104K, 50% used [0x00000000bc800000,0x00000000bdf097f8,0x00000000bf600000)
}
Event: 29.176 GC heap before
{Heap before GC invocations=13 (full 2):
 PSYoungGen      total 216256K, used 26422K [0x00000000eb360000, 0x00000000fd8b0000, 0x0000000100000000)
  eden space 189824K, 0% used [0x00000000eb360000,0x00000000eb360000,0x00000000f6cc0000)
  from space 26432K, 99% used [0x00000000f6cc0000,0x00000000f868dba8,0x00000000f8690000)
  to   space 37376K, 0% used [0x00000000fb430000,0x00000000fb430000,0x00000000fd8b0000)
 ParOldGen       total 74816K, used 60894K [0x00000000c1a00000, 0x00000000c6310000, 0x00000000eb360000)
  object space 74816K, 81% used [0x00000000c1a00000,0x00000000c5577a70,0x00000000c6310000)
 PSPermGen       total 47104K, used 23589K [0x00000000bc800000, 0x00000000bf600000, 0x00000000c1a00000)
  object space 47104K, 50% used [0x00000000bc800000,0x00000000bdf097f8,0x00000000bf600000)
Event: 29.645 GC heap after
Heap after GC invocations=13 (full 2):
 PSYoungGen      total 216256K, used 0K [0x00000000eb360000, 0x00000000fd8b0000, 0x0000000100000000)
  eden space 189824K, 0% used [0x00000000eb360000,0x00000000eb360000,0x00000000f6cc0000)
  from space 26432K, 0% used [0x00000000f6cc0000,0x00000000f6cc0000,0x00000000f8690000)
  to   space 37376K, 0% used [0x00000000fb430000,0x00000000fb430000,0x00000000fd8b0000)
 ParOldGen       total 96768K, used 43527K [0x00000000c1a00000, 0x00000000c7880000, 0x00000000eb360000)
  object space 96768K, 44% used [0x00000000c1a00000,0x00000000c4481f88,0x00000000c7880000)
 PSPermGen       total 53312K, used 23589K [0x00000000bc800000, 0x00000000bfc10000, 0x00000000c1a00000)
  object space 53312K, 44% used [0x00000000bc800000,0x00000000bdf096f8,0x00000000bfc10000)
}
Event: 34.185 GC heap before
{Heap before GC invocations=14 (full 2):
 PSYoungGen      total 216256K, used 189824K [0x00000000eb360000, 0x00000000fd8b0000, 0x0000000100000000)
  eden space 189824K, 100% used [0x00000000eb360000,0x00000000f6cc0000,0x00000000f6cc0000)
  from space 26432K, 0% used [0x00000000f6cc0000,0x00000000f6cc0000,0x00000000f8690000)
  to   space 37376K, 0% used [0x00000000fb430000,0x00000000fb430000,0x00000000fd8b0000)
 ParOldGen       total 96768K, used 43527K [0x00000000c1a00000, 0x00000000c7880000, 0x00000000eb360000)
  object space 96768K, 44% used [0x00000000c1a00000,0x00000000c4481f88,0x00000000c7880000)
 PSPermGen       total 53312K, used 25341K [0x00000000bc800000, 0x00000000bfc10000, 0x00000000c1a00000)
  object space 53312K, 47% used [0x00000000bc800000,0x00000000be0bf778,0x00000000bfc10000)
Event: 34.494 GC heap after
Heap after GC invocations=14 (full 2):
 PSYoungGen      total 257472K, used 35119K [0x00000000eb360000, 0x00000000ff490000, 0x0000000100000000)
  eden space 220096K, 0% used [0x00000000eb360000,0x00000000eb360000,0x00000000f8a50000)
  from space 37376K, 93% used [0x00000000fb430000,0x00000000fd67be08,0x00000000fd8b0000)
  to   space 42880K, 0% used [0x00000000f8a50000,0x00000000f8a50000,0x00000000fb430000)
 ParOldGen       total 96768K, used 43527K [0x00000000c1a00000, 0x00000000c7880000, 0x00000000eb360000)
  object space 96768K, 44% used [0x00000000c1a00000,0x00000000c4481f88,0x00000000c7880000)
 PSPermGen       total 53312K, used 25341K [0x00000000bc800000, 0x00000000bfc10000, 0x00000000c1a00000)
  object space 53312K, 47% used [0x00000000bc800000,0x00000000be0bf778,0x00000000bfc10000)
}
Event: 40.755 GC heap before
{Heap before GC invocations=15 (full 2):
 PSYoungGen      total 257472K, used 255215K [0x00000000eb360000, 0x00000000ff490000, 0x0000000100000000)
  eden space 220096K, 100% used [0x00000000eb360000,0x00000000f8a50000,0x00000000f8a50000)
  from space 37376K, 93% used [0x00000000fb430000,0x00000000fd67be08,0x00000000fd8b0000)
  to   space 42880K, 0% used [0x00000000f8a50000,0x00000000f8a50000,0x00000000fb430000)
 ParOldGen       total 96768K, used 43527K [0x00000000c1a00000, 0x00000000c7880000, 0x00000000eb360000)
  object space 96768K, 44% used [0x00000000c1a00000,0x00000000c4481f88,0x00000000c7880000)
 PSPermGen       total 53312K, used 38576K [0x00000000bc800000, 0x00000000bfc10000, 0x00000000c1a00000)
  object space 53312K, 72% used [0x00000000bc800000,0x00000000bedac358,0x00000000bfc10000)
Event: 40.861 GC heap after
Heap after GC invocations=15 (full 2):
 PSYoungGen      total 262976K, used 30380K [0x00000000eb360000, 0x0000000100000000, 0x0000000100000000)
  eden space 220096K, 0% used [0x00000000eb360000,0x00000000eb360000,0x00000000f8a50000)
  from space 42880K, 70% used [0x00000000f8a50000,0x00000000fa7fb3a0,0x00000000fb430000)
  to   space 45504K, 0% used [0x00000000fd390000,0x00000000fd390000,0x0000000100000000)
 ParOldGen       total 96768K, used 43535K [0x00000000c1a00000, 0x00000000c7880000, 0x00000000eb360000)
  object space 96768K, 44% used [0x00000000c1a00000,0x00000000c4483f88,0x00000000c7880000)
 PSPermGen       total 53312K, used 38576K [0x00000000bc800000, 0x00000000bfc10000, 0x00000000c1a00000)
  object space 53312K, 72% used [0x00000000bc800000,0x00000000bedac358,0x00000000bfc10000)
}

