# JRE version: 7.0_17-b02
# Java VM: Java HotSpot(TM) 64-Bit Server VM (23.7-b01 mixed mode windows-amd64 compressed oops)
Heap
 PSYoungGen      total 137664K, used 39429K [0x00000000eb360000, 0x00000000f48e0000, 0x0000000100000000)
  eden space 125120K, 31% used [0x00000000eb360000,0x00000000ed9e1620,0x00000000f2d90000)
  from space 12544K, 0% used [0x00000000f2d90000,0x00000000f2d90000,0x00000000f39d0000)
  to   space 9664K, 0% used [0x00000000f39d0000,0x00000000f39d0000,0x00000000f4340000)
 ParOldGen       total 73856K, used 55964K [0x00000000c1a00000, 0x00000000c6220000, 0x00000000eb360000)
  object space 73856K, 75% used [0x00000000c1a00000,0x00000000c50a7188,0x00000000c6220000)
 PSPermGen       total 55040K, used 27304K [0x00000000bc800000, 0x00000000bfdc0000, 0x00000000c1a00000)
  object space 55040K, 49% used [0x00000000bc800000,0x00000000be2aa170,0x00000000bfdc0000)
GC Heap History (10 events):
Event: 61.705 GC heap before
{Heap before GC invocations=7 (full 0):
 PSYoungGen      total 134784K, used 134783K [0x00000000eb360000, 0x00000000f48e0000, 0x0000000100000000)
  eden space 125120K, 100% used [0x00000000eb360000,0x00000000f2d90000,0x00000000f2d90000)
  from space 9664K, 99% used [0x00000000f39d0000,0x00000000f433fd40,0x00000000f4340000)
  to   space 12544K, 0% used [0x00000000f2d90000,0x00000000f2d90000,0x00000000f39d0000)
 ParOldGen       total 42624K, used 16765K [0x00000000c1a00000, 0x00000000c43a0000, 0x00000000eb360000)
  object space 42624K, 39% used [0x00000000c1a00000,0x00000000c2a5f710,0x00000000c43a0000)
 PSPermGen       total 27392K, used 27258K [0x00000000bc800000, 0x00000000be2c0000, 0x00000000c1a00000)
  object space 27392K, 99% used [0x00000000bc800000,0x00000000be29e960,0x00000000be2c0000)
Event: 61.780 GC heap after
Heap after GC invocations=7 (full 0):
 PSYoungGen      total 137664K, used 12540K [0x00000000eb360000, 0x00000000f48e0000, 0x0000000100000000)
  eden space 125120K, 0% used [0x00000000eb360000,0x00000000eb360000,0x00000000f2d90000)
  from space 12544K, 99% used [0x00000000f2d90000,0x00000000f39cf258,0x00000000f39d0000)
  to   space 9664K, 0% used [0x00000000f39d0000,0x00000000f39d0000,0x00000000f4340000)
 ParOldGen       total 42624K, used 32876K [0x00000000c1a00000, 0x00000000c43a0000, 0x00000000eb360000)
  object space 42624K, 77% used [0x00000000c1a00000,0x00000000c3a1b290,0x00000000c43a0000)
 PSPermGen       total 27392K, used 27258K [0x00000000bc800000, 0x00000000be2c0000, 0x00000000c1a00000)
  object space 27392K, 99% used [0x00000000bc800000,0x00000000be29e960,0x00000000be2c0000)
}
Event: 61.780 GC heap before
{Heap before GC invocations=8 (full 1):
 PSYoungGen      total 137664K, used 12540K [0x00000000eb360000, 0x00000000f48e0000, 0x0000000100000000)
  eden space 125120K, 0% used [0x00000000eb360000,0x00000000eb360000,0x00000000f2d90000)
  from space 12544K, 99% used [0x00000000f2d90000,0x00000000f39cf258,0x00000000f39d0000)
  to   space 9664K, 0% used [0x00000000f39d0000,0x00000000f39d0000,0x00000000f4340000)
 ParOldGen       total 42624K, used 32876K [0x00000000c1a00000, 0x00000000c43a0000, 0x00000000eb360000)
  object space 42624K, 77% used [0x00000000c1a00000,0x00000000c3a1b290,0x00000000c43a0000)
 PSPermGen       total 27392K, used 27258K [0x00000000bc800000, 0x00000000be2c0000, 0x00000000c1a00000)
  object space 27392K, 99% used [0x00000000bc800000,0x00000000be29e960,0x00000000be2c0000)
Event: 62.225 GC heap after
Heap after GC invocations=8 (full 1):
 PSYoungGen      total 137664K, used 0K [0x00000000eb360000, 0x00000000f48e0000, 0x0000000100000000)
  eden space 125120K, 0% used [0x00000000eb360000,0x00000000eb360000,0x00000000f2d90000)
  from space 12544K, 0% used [0x00000000f2d90000,0x00000000f2d90000,0x00000000f39d0000)
  to   space 9664K, 0% used [0x00000000f39d0000,0x00000000f39d0000,0x00000000f4340000)
 ParOldGen       total 69056K, used 36034K [0x00000000c1a00000, 0x00000000c5d70000, 0x00000000eb360000)
  object space 69056K, 52% used [0x00000000c1a00000,0x00000000c3d308f8,0x00000000c5d70000)
 PSPermGen       total 55040K, used 27246K [0x00000000bc800000, 0x00000000bfdc0000, 0x00000000c1a00000)
  object space 55040K, 49% used [0x00000000bc800000,0x00000000be29b830,0x00000000bfdc0000)
}
Event: 70.133 GC heap before
{Heap before GC invocations=9 (full 1):
 PSYoungGen      total 137664K, used 125120K [0x00000000eb360000, 0x00000000f48e0000, 0x0000000100000000)
  eden space 125120K, 100% used [0x00000000eb360000,0x00000000f2d90000,0x00000000f2d90000)
  from space 12544K, 0% used [0x00000000f2d90000,0x00000000f2d90000,0x00000000f39d0000)
  to   space 9664K, 0% used [0x00000000f39d0000,0x00000000f39d0000,0x00000000f4340000)
 ParOldGen       total 69056K, used 36034K [0x00000000c1a00000, 0x00000000c5d70000, 0x00000000eb360000)
  object space 69056K, 52% used [0x00000000c1a00000,0x00000000c3d308f8,0x00000000c5d70000)
 PSPermGen       total 55040K, used 27295K [0x00000000bc800000, 0x00000000bfdc0000, 0x00000000c1a00000)
  object space 55040K, 49% used [0x00000000bc800000,0x00000000be2a7f78,0x00000000bfdc0000)
Event: 70.190 GC heap after
Heap after GC invocations=9 (full 1):
 PSYoungGen      total 134784K, used 9632K [0x00000000eb360000, 0x00000000f48e0000, 0x0000000100000000)
  eden space 125120K, 0% used [0x00000000eb360000,0x00000000eb360000,0x00000000f2d90000)
  from space 9664K, 99% used [0x00000000f39d0000,0x00000000f4338010,0x00000000f4340000)
  to   space 12544K, 0% used [0x00000000f2d90000,0x00000000f2d90000,0x00000000f39d0000)
 ParOldGen       total 69056K, used 51366K [0x00000000c1a00000, 0x00000000c5d70000, 0x00000000eb360000)
  object space 69056K, 74% used [0x00000000c1a00000,0x00000000c4c29b10,0x00000000c5d70000)
 PSPermGen       total 55040K, used 27295K [0x00000000bc800000, 0x00000000bfdc0000, 0x00000000c1a00000)
  object space 55040K, 49% used [0x00000000bc800000,0x00000000be2a7f78,0x00000000bfdc0000)
}
Event: 72.907 GC heap before
{Heap before GC invocations=10 (full 1):
 PSYoungGen      total 134784K, used 134752K [0x00000000eb360000, 0x00000000f48e0000, 0x0000000100000000)
  eden space 125120K, 100% used [0x00000000eb360000,0x00000000f2d90000,0x00000000f2d90000)
  from space 9664K, 99% used [0x00000000f39d0000,0x00000000f4338010,0x00000000f4340000)
  to   space 12544K, 0% used [0x00000000f2d90000,0x00000000f2d90000,0x00000000f39d0000)
 ParOldGen       total 69056K, used 51366K [0x00000000c1a00000, 0x00000000c5d70000, 0x00000000eb360000)
  object space 69056K, 74% used [0x00000000c1a00000,0x00000000c4c29b10,0x00000000c5d70000)
 PSPermGen       total 55040K, used 27303K [0x00000000bc800000, 0x00000000bfdc0000, 0x00000000c1a00000)
  object space 55040K, 49% used [0x00000000bc800000,0x00000000be2a9d50,0x00000000bfdc0000)
Event: 72.978 GC heap after
Heap after GC invocations=10 (full 1):
 PSYoungGen      total 137664K, used 12544K [0x00000000eb360000, 0x00000000f48e0000, 0x0000000100000000)
  eden space 125120K, 0% used [0x00000000eb360000,0x00000000eb360000,0x00000000f2d90000)
  from space 12544K, 100% used [0x00000000f2d90000,0x00000000f39d0000,0x00000000f39d0000)
  to   space 9664K, 0% used [0x00000000f39d0000,0x00000000f39d0000,0x00000000f4340000)
 ParOldGen       total 73856K, used 73726K [0x00000000c1a00000, 0x00000000c6220000, 0x00000000eb360000)
  object space 73856K, 99% used [0x00000000c1a00000,0x00000000c61ff978,0x00000000c6220000)
 PSPermGen       total 55040K, used 27303K [0x00000000bc800000, 0x00000000bfdc0000, 0x00000000c1a00000)
  object space 55040K, 49% used [0x00000000bc800000,0x00000000be2a9d50,0x00000000bfdc0000)
}
Event: 72.978 GC heap before
{Heap before GC invocations=11 (full 2):
 PSYoungGen      total 137664K, used 12544K [0x00000000eb360000, 0x00000000f48e0000, 0x0000000100000000)
  eden space 125120K, 0% used [0x00000000eb360000,0x00000000eb360000,0x00000000f2d90000)
  from space 12544K, 100% used [0x00000000f2d90000,0x00000000f39d0000,0x00000000f39d0000)
  to   space 9664K, 0% used [0x00000000f39d0000,0x00000000f39d0000,0x00000000f4340000)
 ParOldGen       total 73856K, used 73726K [0x00000000c1a00000, 0x00000000c6220000, 0x00000000eb360000)
  object space 73856K, 99% used [0x00000000c1a00000,0x00000000c61ff978,0x00000000c6220000)
 PSPermGen       total 55040K, used 27303K [0x00000000bc800000, 0x00000000bfdc0000, 0x00000000c1a00000)
  object space 55040K, 49% used [0x00000000bc800000,0x00000000be2a9d50,0x00000000bfdc0000)
Event: 73.260 GC heap after
Heap after GC invocations=11 (full 2):
 PSYoungGen      total 137664K, used 0K [0x00000000eb360000, 0x00000000f48e0000, 0x0000000100000000)
  eden space 125120K, 0% used [0x00000000eb360000,0x00000000eb360000,0x00000000f2d90000)
  from space 12544K, 0% used [0x00000000f2d90000,0x00000000f2d90000,0x00000000f39d0000)
  to   space 9664K, 0% used [0x00000000f39d0000,0x00000000f39d0000,0x00000000f4340000)
 ParOldGen       total 73856K, used 55964K [0x00000000c1a00000, 0x00000000c6220000, 0x00000000eb360000)
  object space 73856K, 75% used [0x00000000c1a00000,0x00000000c50a7188,0x00000000c6220000)
 PSPermGen       total 55040K, used 27302K [0x00000000bc800000, 0x00000000bfdc0000, 0x00000000c1a00000)
  object space 55040K, 49% used [0x00000000bc800000,0x00000000be2a9bf0,0x00000000bfdc0000)
}

