# JRE version: 7.0_17-b02
# Java VM: Java HotSpot(TM) 64-Bit Server VM (23.7-b01 mixed mode windows-amd64 compressed oops)
Heap
 PSYoungGen      total 235136K, used 22523K [0x00000000eb360000, 0x00000000fcfa0000, 0x0000000100000000)
  eden space 212608K, 0% used [0x00000000eb360000,0x00000000eb360000,0x00000000f8300000)
  from space 22528K, 99% used [0x00000000fb9a0000,0x00000000fcf9ef10,0x00000000fcfa0000)
  to   space 26112K, 0% used [0x00000000fa020000,0x00000000fa020000,0x00000000fb9a0000)
 ParOldGen       total 108992K, used 49607K [0x00000000c1a00000, 0x00000000c8470000, 0x00000000eb360000)
  object space 108992K, 45% used [0x00000000c1a00000,0x00000000c4a71c50,0x00000000c8470000)
 PSPermGen       total 52928K, used 23566K [0x00000000bc800000, 0x00000000bfbb0000, 0x00000000c1a00000)
  object space 52928K, 44% used [0x00000000bc800000,0x00000000bdf03b60,0x00000000bfbb0000)
GC Heap History (10 events):
Event: 17.654 GC heap before
{Heap before GC invocations=7 (full 0):
 PSYoungGen      total 137344K, used 135339K [0x00000000eb360000, 0x00000000f44e0000, 0x0000000100000000)
  eden space 127424K, 100% used [0x00000000eb360000,0x00000000f2fd0000,0x00000000f2fd0000)
  from space 9920K, 79% used [0x00000000f3a10000,0x00000000f41cac80,0x00000000f43c0000)
  to   space 10496K, 0% used [0x00000000f2fd0000,0x00000000f2fd0000,0x00000000f3a10000)
 ParOldGen       total 42624K, used 15119K [0x00000000c1a00000, 0x00000000c43a0000, 0x00000000eb360000)
  object space 42624K, 35% used [0x00000000c1a00000,0x00000000c28c3ee0,0x00000000c43a0000)
 PSPermGen       total 23552K, used 23500K [0x00000000bc800000, 0x00000000bdf00000, 0x00000000c1a00000)
  object space 23552K, 99% used [0x00000000bc800000,0x00000000bdef31d0,0x00000000bdf00000)
Event: 17.733 GC heap after
Heap after GC invocations=7 (full 0):
 PSYoungGen      total 137920K, used 10494K [0x00000000eb360000, 0x00000000fd320000, 0x0000000100000000)
  eden space 127424K, 0% used [0x00000000eb360000,0x00000000eb360000,0x00000000f2fd0000)
  from space 10496K, 99% used [0x00000000f2fd0000,0x00000000f3a0fa78,0x00000000f3a10000)
  to   space 19904K, 0% used [0x00000000fbfb0000,0x00000000fbfb0000,0x00000000fd320000)
 ParOldGen       total 42624K, used 30538K [0x00000000c1a00000, 0x00000000c43a0000, 0x00000000eb360000)
  object space 42624K, 71% used [0x00000000c1a00000,0x00000000c37d2b48,0x00000000c43a0000)
 PSPermGen       total 23552K, used 23500K [0x00000000bc800000, 0x00000000bdf00000, 0x00000000c1a00000)
  object space 23552K, 99% used [0x00000000bc800000,0x00000000bdef31d0,0x00000000bdf00000)
}
Event: 17.733 GC heap before
{Heap before GC invocations=8 (full 1):
 PSYoungGen      total 137920K, used 10494K [0x00000000eb360000, 0x00000000fd320000, 0x0000000100000000)
  eden space 127424K, 0% used [0x00000000eb360000,0x00000000eb360000,0x00000000f2fd0000)
  from space 10496K, 99% used [0x00000000f2fd0000,0x00000000f3a0fa78,0x00000000f3a10000)
  to   space 19904K, 0% used [0x00000000fbfb0000,0x00000000fbfb0000,0x00000000fd320000)
 ParOldGen       total 42624K, used 30538K [0x00000000c1a00000, 0x00000000c43a0000, 0x00000000eb360000)
  object space 42624K, 71% used [0x00000000c1a00000,0x00000000c37d2b48,0x00000000c43a0000)
 PSPermGen       total 23552K, used 23500K [0x00000000bc800000, 0x00000000bdf00000, 0x00000000c1a00000)
  object space 23552K, 99% used [0x00000000bc800000,0x00000000bdef31d0,0x00000000bdf00000)
Event: 18.490 GC heap after
Heap after GC invocations=8 (full 1):
 PSYoungGen      total 137920K, used 0K [0x00000000eb360000, 0x00000000fd320000, 0x0000000100000000)
  eden space 127424K, 0% used [0x00000000eb360000,0x00000000eb360000,0x00000000f2fd0000)
  from space 10496K, 0% used [0x00000000f2fd0000,0x00000000f2fd0000,0x00000000f3a10000)
  to   space 19904K, 0% used [0x00000000fbfb0000,0x00000000fbfb0000,0x00000000fd320000)
 ParOldGen       total 73152K, used 32428K [0x00000000c1a00000, 0x00000000c6170000, 0x00000000eb360000)
  object space 73152K, 44% used [0x00000000c1a00000,0x00000000c39ab328,0x00000000c6170000)
 PSPermGen       total 47296K, used 23490K [0x00000000bc800000, 0x00000000bf630000, 0x00000000c1a00000)
  object space 47296K, 49% used [0x00000000bc800000,0x00000000bdef0bd0,0x00000000bf630000)
}
Event: 19.920 GC heap before
{Heap before GC invocations=9 (full 1):
 PSYoungGen      total 137920K, used 127424K [0x00000000eb360000, 0x00000000fd320000, 0x0000000100000000)
  eden space 127424K, 100% used [0x00000000eb360000,0x00000000f2fd0000,0x00000000f2fd0000)
  from space 10496K, 0% used [0x00000000f2fd0000,0x00000000f2fd0000,0x00000000f3a10000)
  to   space 19904K, 0% used [0x00000000fbfb0000,0x00000000fbfb0000,0x00000000fd320000)
 ParOldGen       total 73152K, used 32428K [0x00000000c1a00000, 0x00000000c6170000, 0x00000000eb360000)
  object space 73152K, 44% used [0x00000000c1a00000,0x00000000c39ab328,0x00000000c6170000)
 PSPermGen       total 47296K, used 23547K [0x00000000bc800000, 0x00000000bf630000, 0x00000000c1a00000)
  object space 47296K, 49% used [0x00000000bc800000,0x00000000bdefed40,0x00000000bf630000)
Event: 19.999 GC heap after
Heap after GC invocations=9 (full 1):
 PSYoungGen      total 187648K, used 19880K [0x00000000eb360000, 0x00000000fd320000, 0x0000000100000000)
  eden space 167744K, 0% used [0x00000000eb360000,0x00000000eb360000,0x00000000f5730000)
  from space 19904K, 99% used [0x00000000fbfb0000,0x00000000fd31a250,0x00000000fd320000)
  to   space 26112K, 0% used [0x00000000fa020000,0x00000000fa020000,0x00000000fb9a0000)
 ParOldGen       total 73152K, used 38639K [0x00000000c1a00000, 0x00000000c6170000, 0x00000000eb360000)
  object space 73152K, 52% used [0x00000000c1a00000,0x00000000c3fbbf00,0x00000000c6170000)
 PSPermGen       total 47296K, used 23547K [0x00000000bc800000, 0x00000000bf630000, 0x00000000c1a00000)
  object space 47296K, 49% used [0x00000000bc800000,0x00000000bdefed40,0x00000000bf630000)
}
Event: 21.933 GC heap before
{Heap before GC invocations=10 (full 1):
 PSYoungGen      total 187648K, used 187624K [0x00000000eb360000, 0x00000000fd320000, 0x0000000100000000)
  eden space 167744K, 100% used [0x00000000eb360000,0x00000000f5730000,0x00000000f5730000)
  from space 19904K, 99% used [0x00000000fbfb0000,0x00000000fd31a250,0x00000000fd320000)
  to   space 26112K, 0% used [0x00000000fa020000,0x00000000fa020000,0x00000000fb9a0000)
 ParOldGen       total 73152K, used 38639K [0x00000000c1a00000, 0x00000000c6170000, 0x00000000eb360000)
  object space 73152K, 52% used [0x00000000c1a00000,0x00000000c3fbbf00,0x00000000c6170000)
 PSPermGen       total 47296K, used 23559K [0x00000000bc800000, 0x00000000bf630000, 0x00000000c1a00000)
  object space 47296K, 49% used [0x00000000bc800000,0x00000000bdf01f80,0x00000000bf630000)
Event: 22.090 GC heap after
Heap after GC invocations=10 (full 1):
 PSYoungGen      total 238720K, used 26085K [0x00000000eb360000, 0x00000000fcfa0000, 0x0000000100000000)
  eden space 212608K, 0% used [0x00000000eb360000,0x00000000eb360000,0x00000000f8300000)
  from space 26112K, 99% used [0x00000000fa020000,0x00000000fb9994f0,0x00000000fb9a0000)
  to   space 22528K, 0% used [0x00000000fb9a0000,0x00000000fb9a0000,0x00000000fcfa0000)
 ParOldGen       total 73152K, used 60125K [0x00000000c1a00000, 0x00000000c6170000, 0x00000000eb360000)
  object space 73152K, 82% used [0x00000000c1a00000,0x00000000c54b7610,0x00000000c6170000)
 PSPermGen       total 47296K, used 23559K [0x00000000bc800000, 0x00000000bf630000, 0x00000000c1a00000)
  object space 47296K, 49% used [0x00000000bc800000,0x00000000bdf01f80,0x00000000bf630000)
}
Event: 22.090 GC heap before
{Heap before GC invocations=11 (full 2):
 PSYoungGen      total 238720K, used 26085K [0x00000000eb360000, 0x00000000fcfa0000, 0x0000000100000000)
  eden space 212608K, 0% used [0x00000000eb360000,0x00000000eb360000,0x00000000f8300000)
  from space 26112K, 99% used [0x00000000fa020000,0x00000000fb9994f0,0x00000000fb9a0000)
  to   space 22528K, 0% used [0x00000000fb9a0000,0x00000000fb9a0000,0x00000000fcfa0000)
 ParOldGen       total 73152K, used 60125K [0x00000000c1a00000, 0x00000000c6170000, 0x00000000eb360000)
  object space 73152K, 82% used [0x00000000c1a00000,0x00000000c54b7610,0x00000000c6170000)
 PSPermGen       total 47296K, used 23559K [0x00000000bc800000, 0x00000000bf630000, 0x00000000c1a00000)
  object space 47296K, 49% used [0x00000000bc800000,0x00000000bdf01f80,0x00000000bf630000)
Event: 22.373 GC heap after
Heap after GC invocations=11 (full 2):
 PSYoungGen      total 238720K, used 0K [0x00000000eb360000, 0x00000000fcfa0000, 0x0000000100000000)
  eden space 212608K, 0% used [0x00000000eb360000,0x00000000eb360000,0x00000000f8300000)
  from space 26112K, 0% used [0x00000000fa020000,0x00000000fa020000,0x00000000fb9a0000)
  to   space 22528K, 0% used [0x00000000fb9a0000,0x00000000fb9a0000,0x00000000fcfa0000)
 ParOldGen       total 108992K, used 44700K [0x00000000c1a00000, 0x00000000c8470000, 0x00000000eb360000)
  object space 108992K, 41% used [0x00000000c1a00000,0x00000000c45a7130,0x00000000c8470000)
 PSPermGen       total 52928K, used 23559K [0x00000000bc800000, 0x00000000bfbb0000, 0x00000000c1a00000)
  object space 52928K, 44% used [0x00000000bc800000,0x00000000bdf01e20,0x00000000bfbb0000)
}

